Established terminal connection



  _____  _____   ____   _____ 
 |  __ \|  __ \ / __ \ / ____|          Powered by PROS for VEX V5
 | |__) | |__) | |  | | (___      Version:                          4.0.6
 |  ___/|  _  /| |  | |\___ \     Uptime:                       192.338 s
 | |    | | \ \| |__| |____) |    Compiled:          Jan 16 2024 16:21:11
 |_|    |_|  \_\\____/|_____/     Directory:                             


starting
needs to face: 145.210216
current error is: 159.579569
sign is -1
needs to face: 145.210042
current error is: 159.580009
sign is -1
needs to face: 145.210093
current error is: 159.579880
sign is -1
needs to face: 145.210449
current error is: 159.578977
sign is -1
needs to face: 145.210599
current error is: 159.578597
sign is -1
needs to face: 145.210032
current error is: 159.580035
sign is -1
needs to face: 145.111199
current error is: 159.678945
sign is -1
needs to face: 144.997726
current error is: 159.791446
sign is -1
needs to face: 144.805685
current error is: 159.982318
sign is -1
needs to face: 144.576532
current error is: 160.200269
sign is -1
needs to face: 144.362873
current error is: 160.360488
sign is -1
needs to face: 144.060453
current error is: 160.565747
sign is -1
needs to face: 143.883203
current error is: 160.595467
sign is -1
needs to face: 143.571172
current error is: 160.699949
sign is -1
needs to face: 143.376905
current error is: 160.640809
sign is -1
needs to face: 143.192032
current error is: 160.534202
sign is -1
needs to face: 143.012839
current error is: 160.363812
sign is -1
needs to face: 142.880470
current error is: 160.086019
sign is -1
needs to face: 142.725971
current error is: 159.816695
sign is -1
needs to face: 142.630987
current error is: 159.483322
sign is -1
needs to face: 142.226267
current error is: 159.439702
sign is -1
needs to face: 141.885106
current error is: 159.304457
sign is -1
needs to face: 141.607473
current error is: 159.039251
sign is -1
needs to face: 141.326520
current error is: 158.705116
sign is -1
needs to face: 141.024734
current error is: 158.352508
sign is -1
needs to face: 140.713042
current error is: 157.946879
sign is -1
needs to face: 140.417930
current error is: 157.455807
sign is -1
needs to face: 140.049401
current error is: 156.995716
sign is -1
needs to face: 139.732995
current error is: 156.415705
sign is -1
needs to face: 139.367341
current error is: 155.810832
sign is -1
needs to face: 139.031388
current error is: 155.120468
sign is -1
needs to face: 138.683667
current error is: 154.328728
sign is -1
needs to face: 138.369406
current error is: 153.393866
sign is -1
needs to face: 138.078686
current error is: 152.339987
sign is -1
needs to face: 137.681606
current error is: 151.260246
sign is -1
needs to face: 137.463228
current error is: 149.864045
sign is -1
needs to face: 137.424238
current error is: 148.179939
sign is -1
needs to face: 137.311338
current error is: 146.480944
sign is -1
needs to face: 137.207441
current error is: 144.680998
sign is -1
needs to face: 137.143247
current error is: 142.781908
sign is -1
needs to face: 137.111497
current error is: 140.814339
sign is -1
needs to face: 137.110558
current error is: 138.790387
sign is -1
needs to face: 137.225172
current error is: 136.622757
sign is -1
needs to face: 137.339844
current error is: 134.440580
sign is -1
needs to face: 137.498134
current error is: 132.224031
sign is -1
needs to face: 137.665460
current error is: 130.015307
sign is -1
needs to face: 137.903502
current error is: 127.786377
sign is -1
needs to face: 138.151004
current error is: 125.626456
sign is -1
needs to face: 138.376998
current error is: 123.556106
sign is -1
needs to face: 138.583785
current error is: 121.570686
sign is -1
needs to face: 138.868772
current error is: 119.591134
sign is -1
needs to face: 139.066977
current error is: 117.781322
sign is -1
needs to face: 139.290915
current error is: 116.011613
sign is -1
needs to face: 139.486644
current error is: 114.321768
sign is -1
needs to face: 139.656087
current error is: 112.706291
sign is -1
needs to face: 139.965656
current error is: 110.998504
sign is -1
needs to face: 140.242244
current error is: 109.395505
sign is -1
needs to face: 140.440545
current error is: 107.953674
sign is -1
needs to face: 140.651806
current error is: 106.564339
sign is -1
needs to face: 140.926028
current error is: 105.158736
sign is -1
needs to face: 141.181696
current error is: 103.810775
sign is -1
needs to face: 141.262763
current error is: 102.697253
sign is -1
needs to face: 141.472689
current error is: 101.502813
sign is -1
needs to face: 141.655041
current error is: 100.359653
sign is -1
needs to face: 141.821370
current error is: 99.252409
sign is -1
needs to face: 141.989126
current error is: 98.165672
sign is -1
needs to face: 142.169611
current error is: 97.108709
sign is -1
needs to face: 142.352964
current error is: 96.095894
sign is -1
needs to face: 142.472810
current error is: 95.177120
sign is -1
needs to face: 142.635884
current error is: 94.230666
sign is -1
needs to face: 142.748736
current error is: 93.349546
sign is -1
needs to face: 142.857325
current error is: 92.478219
sign is -1
needs to face: 142.984128
current error is: 91.590416
sign is -1
needs to face: 143.065704
current error is: 90.748391
sign is -1
needs to face: 143.167990
current error is: 89.879075
sign is -1
needs to face: 143.268291
current error is: 89.009704
sign is -1
needs to face: 143.364535
current error is: 88.149438
sign is -1
needs to face: 143.437874
current error is: 87.309846
sign is -1
needs to face: 143.489770
current error is: 86.484885
sign is -1
needs to face: 143.546471
current error is: 85.629319
sign is -1
needs to face: 143.608417
current error is: 84.740012
sign is -1
needs to face: 143.693163
current error is: 83.809655
sign is -1
needs to face: 143.797450
current error is: 82.851930
sign is -1
needs to face: 143.898407
current error is: 81.897557
sign is -1
needs to face: 144.059347
current error is: 80.874116
sign is -1
needs to face: 144.276311
current error is: 79.796871
sign is -1
needs to face: 144.468560
current error is: 78.744429
sign is -1
needs to face: 144.676174
current error is: 77.676989
sign is -1
needs to face: 144.878266
current error is: 76.618519
sign is -1
needs to face: 145.074586
current error is: 75.570512
sign is -1
needs to face: 145.265534
current error is: 74.530975
sign is -1
needs to face: 145.450431
current error is: 73.503879
sign is -1
needs to face: 145.631287
current error is: 72.478089
sign is -1
needs to face: 145.826019
current error is: 71.440161
sign is -1
needs to face: 145.994612
current error is: 70.440892
sign is -1
needs to face: 146.156983
current error is: 69.456545
sign is -1
needs to face: 146.352145
current error is: 68.436375
sign is -1
needs to face: 146.543975
current error is: 67.410130
sign is -1
needs to face: 146.732317
current error is: 66.377872
sign is -1
needs to face: 146.914475
current error is: 65.357008
sign is -1
needs to face: 147.105754
current error is: 64.345743
sign is -1
needs to face: 147.324457
current error is: 63.317704
sign is -1
needs to face: 147.552896
current error is: 62.288837
sign is -1
needs to face: 147.790761
current error is: 61.258596
sign is -1
needs to face: 148.020259
current error is: 60.250662
sign is -1
needs to face: 148.255777
current error is: 59.266187
sign is -1
needs to face: 148.467448
current error is: 58.318137
sign is -1
needs to face: 148.672169
current error is: 57.387282
sign is -1
needs to face: 148.932594
current error is: 56.407981
sign is -1
needs to face: 149.107976
current error is: 55.529364
sign is -1
needs to face: 149.274449
current error is: 54.696085
sign is -1
needs to face: 149.418873
current error is: 53.910635
sign is -1
needs to face: 149.675610
current error is: 53.020410
sign is -1
needs to face: 149.839377
current error is: 52.226250
sign is -1
needs to face: 150.041438
current error is: 51.391970
sign is -1
needs to face: 150.249670
current error is: 50.579241
sign is -1
needs to face: 150.477078
current error is: 49.781978
sign is -1
needs to face: 150.683954
current error is: 49.024346
sign is -1
needs to face: 150.925039
current error is: 48.238493
sign is -1
needs to face: 151.173316
current error is: 47.443137
sign is -1
needs to face: 151.439757
current error is: 46.645136
sign is -1
needs to face: 151.697720
current error is: 45.883910
sign is -1
needs to face: 151.948147
current error is: 45.150947
sign is -1
needs to face: 152.228637
current error is: 44.385902
sign is -1
needs to face: 152.502493
current error is: 43.616806
sign is -1
needs to face: 152.768746
current error is: 42.864874
sign is -1
needs to face: 153.027011
current error is: 42.146446
sign is -1
needs to face: 153.299160
current error is: 41.459805
sign is -1
needs to face: 153.579102
current error is: 40.988220
sign is -1
needs to face: 153.884234
current error is: 40.560945
sign is -1
needs to face: 154.133117
current error is: 40.146274
sign is -1
needs to face: 154.469193
current error is: 39.563449
sign is -1
needs to face: 154.746412
current error is: 38.975258
sign is -1
needs to face: 155.033888
current error is: 38.365657
sign is -1
needs to face: 155.343120
current error is: 37.773550
sign is -1
needs to face: 155.537633
current error is: 37.499284
sign is -1
needs to face: 155.810685
current error is: 37.412294
sign is -1
needs to face: 156.031297
current error is: 37.609038
sign is -1
needs to face: 156.280778
current error is: 37.741475
sign is -1
needs to face: 156.494428
current error is: 37.761181
sign is -1
needs to face: 156.754527
current error is: 37.720222
sign is -1
needs to face: 157.041180
current error is: 37.647648
sign is -1
needs to face: 157.334758
current error is: 37.591207
sign is -1
needs to face: 157.588450
current error is: 37.677007
sign is -1
needs to face: 157.876963
current error is: 37.785846
sign is -1
needs to face: 158.218295
current error is: 37.849027
sign is -1
needs to face: 158.575677
current error is: 37.925045
sign is -1
needs to face: 158.930246
current error is: 38.075413
sign is -1
needs to face: 159.371082
current error is: 38.178615
sign is -1
needs to face: 159.768187
current error is: 38.300927
sign is -1
needs to face: 160.147691
current error is: 38.392225
sign is -1
needs to face: 160.568096
current error is: 38.423136
sign is -1
needs to face: 160.986485
current error is: 38.397484
sign is -1
needs to face: 161.361857
current error is: 38.230212
sign is -1
needs to face: 161.776302
current error is: 37.876410
sign is -1
needs to face: 162.184109
current error is: 37.510327
sign is -1
needs to face: 162.718354
current error is: 36.988585
sign is -1
needs to face: 163.135698
current error is: 36.547740
sign is -1
needs to face: 163.576448
current error is: 36.077216
sign is -1
needs to face: 163.999986
current error is: 35.600225
sign is -1
needs to face: 164.383918
current error is: 35.116909
sign is -1
needs to face: 164.748234
current error is: 34.617651
sign is -1
needs to face: 165.102997
current error is: 34.113434
sign is -1
needs to face: 165.515124
current error is: 33.562862
sign is -1
needs to face: 165.938594
current error is: 32.987794
sign is -1
needs to face: 166.304839
current error is: 32.450699
sign is -1
needs to face: 166.662743
current error is: 32.021006
sign is -1
needs to face: 167.041985
current error is: 31.857422
sign is -1
needs to face: 167.431415
current error is: 31.907023
sign is -1
needs to face: 167.869086
current error is: 31.884274
sign is -1
needs to face: 168.263262
current error is: 31.847259
sign is -1
needs to face: 168.671211
current error is: 31.744363
sign is -1
needs to face: 169.079550
current error is: 31.603037
sign is -1
needs to face: 169.482968
current error is: 31.527816
sign is -1
needs to face: 169.790909
current error is: 31.670329
sign is -1
needs to face: 170.192670
current error is: 32.172043
sign is -1
needs to face: 170.429835
current error is: 33.182921
sign is -1
needs to face: 170.809194
current error is: 34.241442
sign is -1
needs to face: 171.077957
current error is: 35.448159
sign is -1
needs to face: 171.407176
current error is: 36.194825
sign is -1
needs to face: 171.788607
current error is: 35.573178
sign is -1
needs to face: 172.217665
current error is: 34.631396
sign is -1
needs to face: 172.610026
current error is: 34.444797
sign is -1
needs to face: 173.126182
current error is: 34.495376
sign is -1
needs to face: 173.559501
current error is: 34.319542
sign is -1
needs to face: 174.092364
current error is: 33.666878
sign is -1
needs to face: 174.565923
current error is: 33.007197
sign is -1
needs to face: 175.034758
current error is: 32.268750
sign is -1
needs to face: 175.551748
current error is: 31.477874
sign is -1
needs to face: 175.932024
current error is: 31.029718
sign is -1
needs to face: 176.376679
current error is: 30.423887
sign is -1
needs to face: 176.607754
current error is: 30.059767
sign is -1
needs to face: 176.810159
current error is: 29.860848
sign is -1
needs to face: 177.019726
current error is: 29.771543
sign is -1
needs to face: 177.213471
current error is: 29.789010
sign is -1
needs to face: 177.360861
current error is: 30.236709
sign is -1
needs to face: 177.474383
current error is: 30.908189
sign is -1
needs to face: 177.603082
current error is: 31.548720
sign is -1
needs to face: 177.797888
current error is: 32.069749
sign is -1
needs to face: 178.037689
current error is: 32.416645
sign is -1
needs to face: 178.343803
current error is: 32.742337
sign is -1
needs to face: 178.650227
current error is: 33.034058
sign is -1
needs to face: 179.001100
current error is: 33.272296
sign is -1
needs to face: 179.411933
current error is: 33.559214
sign is -1
needs to face: 179.767417
current error is: 33.824336
sign is -1
needs to face: 180.203963
current error is: 33.971340
sign is -1
needs to face: 180.624368
current error is: 34.057345
sign is -1
needs to face: 181.074108
current error is: 34.028783
sign is -1
needs to face: 181.486726
current error is: 34.012418
sign is -1
needs to face: 181.890351
current error is: 33.984314
sign is -1
needs to face: 182.219486
current error is: 33.956657
sign is -1
needs to face: 182.506163
current error is: 33.982038
sign is -1
needs to face: 182.706312
current error is: 34.375965
sign is -1
needs to face: 182.851589
current error is: 35.087057
sign is -1
needs to face: 183.014364
current error is: 35.905734
sign is -1
needs to face: 183.192772
current error is: 36.783347
sign is -1
needs to face: 183.387090
current error is: 37.720309
sign is -1
needs to face: 183.571452
current error is: 38.758933
sign is -1
needs to face: 183.755879
current error is: 39.879300
sign is -1
needs to face: 183.929535
current error is: 41.065059
sign is -1
needs to face: 184.093061
current error is: 42.241529
sign is -1
needs to face: 184.230527
current error is: 43.093750
sign is -1
needs to face: 184.473052
current error is: 43.311541
sign is -1
needs to face: 184.717879
current error is: 43.145090
sign is -1
needs to face: 184.918013
current error is: 42.869275
sign is -1
needs to face: 185.154620
current error is: 42.331140
sign is -1
needs to face: 185.402225
current error is: 41.463454
sign is -1
needs to face: 185.720983
current error is: 40.375258
sign is -1
needs to face: 186.077308
current error is: 39.218941
sign is -1
needs to face: 186.416967
current error is: 38.179875
sign is -1
needs to face: 186.786903
current error is: 37.342077
sign is -1
needs to face: 187.197126
current error is: 36.728658
sign is -1
needs to face: 187.583923
current error is: 36.389115
sign is -1
needs to face: 187.954506
current error is: 36.244847
sign is -1
needs to face: 188.320809
current error is: 36.147691
sign is -1
needs to face: 188.705663
current error is: 35.995863
sign is -1
needs to face: 189.132489
current error is: 35.635159
sign is -1
needs to face: 189.552479
current error is: 35.055880
sign is -1
needs to face: 189.809950
current error is: 34.648091
sign is -1
needs to face: 189.937747
current error is: 34.801926
sign is -1
needs to face: 189.934328
current error is: 35.343163
sign is -1
needs to face: 189.953384
current error is: 35.543300
sign is -1
needs to face: 190.062276
current error is: 35.249644
sign is -1
needs to face: 190.200366
current error is: 34.800124
sign is -1
needs to face: 190.395592
current error is: 34.335595
sign is -1
needs to face: 190.570068
current error is: 33.975178
sign is -1
needs to face: 190.745132
current error is: 33.645322
sign is -1
needs to face: 190.971006
current error is: 33.099558
sign is -1
needs to face: 191.247489
current error is: 32.545661
sign is -1
needs to face: 191.470203
current error is: 32.275611
sign is -1
pose: 226.309873
target: 52.000000
error: 174.309873
power: 127.000000
pose: 226.330379
target: 52.000000
error: 174.330379
power: 127.000000
pose: 226.294101
target: 52.000000
error: 174.294101
power: 127.000000
pose: 226.289320
target: 52.000000
error: 174.289320
power: 127.000000
pose: 226.302993
target: 52.000000
error: 174.302993
power: 127.000000
pose: 226.159427
target: 52.000000
error: 174.159427
power: 127.000000
pose: 225.836291
target: 52.000000
error: 173.836291
power: 127.000000
pose: 225.513654
target: 52.000000
error: 173.513654
power: 127.000000
pose: 225.282054
target: 52.000000
error: 173.282054
power: 127.000000
pose: 224.960369
target: 52.000000
error: 172.960369
power: 127.000000
pose: 224.467466
target: 52.000000
error: 172.467466
power: 127.000000
pose: 223.878589
target: 52.000000
error: 171.878589
power: 127.000000
pose: 223.238632
target: 52.000000
error: 171.238632
power: 127.000000
pose: 222.778152
target: 52.000000
error: 170.778152
power: 127.000000
pose: 222.403765
target: 52.000000
error: 170.403765
power: 127.000000
WARNING - pros.serial.terminal.terminal:stop - Stopping terminal - pros-cli version:3.4.3
